<?xml version="1.0" encoding="UTF-8"?>
<testsuite xmlns:xsi="http://www.w3.org/2001/XMLSchema-instance" xsi:noNamespaceSchemaLocation="https://maven.apache.org/surefire/maven-surefire-plugin/xsd/surefire-test-report-3.0.xsd" version="3.0" name="org.example.lab3.StudentScoreServiceTest" time="0.049" tests="5" errors="0" skipped="0" failures="0">
  <properties>
[...]
</properties>
  <testcase name="shouldCalculateAverageScore" classname="org.example.lab3.StudentScoreServiceTest" time="0.019"/>
  <testcase name="shouldReturnFalseWhenAverageIsTooLowForScholarship" classname="org.example.lab3.StudentScoreServiceTest" time="0.001"/>
  <testcase name="shouldReturnTrueWhenAverageIsEnoughForScholarship" classname="org.example.lab3.StudentScoreServiceTest" time="0.001"/>
  <testcase name="shouldThrowExceptionForEmptyScores" classname="org.example.lab3.StudentScoreServiceTest" time="0.001"/>
  <testcase name="shouldFindHighestScore" classname="org.example.lab3.StudentScoreServiceTest" time="0.0"/>
</testsuite>